2015-09-27T23:32:14.2339627Z,Updating branch 'master'.,49793765-5d08-4c33-b7b1-838c6ed11d97,0
2015-09-27T23:32:34.2329552Z,Updating submodules.,f6933835-69bc-420d-80f0-091b92ceee42,0
2015-09-27T23:32:34.2824602Z,Preparing deployment for commit id '5376d1e2c1'.,ee5cb4f8-5b5d-48cf-9ba2-8729a1d2449b,0
2015-09-27T23:32:35.8588852Z,Generating deployment script.,bc7b110c-c209-4fda-ad11-6dbbe9010def,0
	2015-09-27T23:32:35.8901340Z,Using the following command to generate deployment script: 'azure site deploymentscript -y --no-dot-deployment -r "D:\home\site\repository" -o "D:\home\site\deployments\tools" --node --sitePath "D:\home\site\repository"'.,,0
	2015-09-27T23:32:36.1401321Z,Generating deployment script for node.js Web Site,,0
2015-09-27T23:32:36.2042611Z,Running deployment command...,3fc01c99-c385-44af-bd8a-2fa24e55f128,0
	2015-09-27T23:32:36.2042611Z,Command: "D:\home\site\deployments\tools\deploy.cmd",,0
	2015-09-27T23:32:36.6730043Z,Handling node.js deployment.,,0
	2015-09-27T23:32:37.1786575Z,KuduSync.NET from: 'D:\home\site\repository' to: 'D:\home\site\wwwroot',,0
	2015-09-27T23:32:37.1942812Z,Copying file: 'bower.json',,0
	2015-09-27T23:32:37.1942812Z,Copying file: 'nodemon.json',,0
	2015-09-27T23:32:37.2111762Z,Copying file: 'package.json',,0
	2015-09-27T23:32:37.2268117Z,Copying file: 'bower_components\doT\.bower.json',,0
	2015-09-27T23:32:37.2424442Z,Copying file: 'bower_components\doT\doT.js',,0
	2015-09-27T23:32:37.2424442Z,Copying file: 'bower_components\doT\doT.min.js',,0
	2015-09-27T23:32:37.2580786Z,Copying file: 'bower_components\doT\doU.js',,0
	2015-09-27T23:32:37.2736857Z,Copying file: 'bower_components\doT\index.js',,0
	2015-09-27T23:32:37.2736857Z,Copying file: 'bower_components\doT\LICENSE-DOT.txt',,0
	2015-09-27T23:32:37.2893111Z,Copying file: 'bower_components\doT\package.json',,0
	2015-09-27T23:32:37.3049349Z,Copying file: 'bower_components\doT\README.md',,0
	2015-09-27T23:32:37.3049349Z,Copying file: 'bower_components\doT\benchmarks\compileBench.js',,0
	2015-09-27T23:32:37.3205603Z,Copying file: 'bower_components\doT\benchmarks\genspeed.html',,0
	2015-09-27T23:32:37.3205603Z,Copying file: 'bower_components\doT\benchmarks\index.html',,0
	2015-09-27T23:32:37.3361910Z,Copying file: 'bower_components\doT\benchmarks\jslitmus.js',,0
	2015-09-27T23:32:37.3361910Z,Copying file: 'bower_components\doT\benchmarks\templatesBench.js',,0
	2015-09-27T23:32:37.3518124Z,Copying file: 'bower_components\doT\benchmarks\templating\doT.js',,0
	2015-09-27T23:32:37.3518124Z,Copying file: 'bower_components\doT\benchmarks\templating\doU.js',,0
	2015-09-27T23:32:37.4478610Z,Copying file: 'bower_components\doT\bin\dot-packer',,0
	2015-09-27T23:32:37.4478610Z,Copying file: 'bower_components\doT\examples\advancedsnippet.txt',,0
	2015-09-27T23:32:37.4634439Z,Copying file: 'bower_components\doT\examples\browsersample.html',,0
	2015-09-27T23:32:37.4790676Z,Copying file: 'bower_components\doT\examples\customdoT.js',,0
	2015-09-27T23:32:37.4790676Z,Copying file: 'bower_components\doT\examples\snippet.txt',,0
	2015-09-27T23:32:37.4946929Z,Copying file: 'bower_components\doT\examples\withdoT.js',,0
	2015-09-27T23:32:37.5103184Z,Copying file: 'bower_components\doT\examples\views\multidef.def.jst',,0
	2015-09-27T23:32:37.5103184Z,Copying file: 'bower_components\doT\examples\views\one.def',,0
	2015-09-27T23:32:37.5415739Z,Copying file: 'bower_components\doT\examples\views\two.dot.jst',,0
	2015-09-27T23:32:37.5415739Z,Copying file: 'bower_components\doT\test\testdoT.js',,0
	2015-09-27T23:32:37.5572019Z,Copying file: 'bower_components\jquery\.bower.json',,0
	2015-09-27T23:32:37.5728176Z,Copying file: 'bower_components\jquery\.editorconfig',,0
	2015-09-27T23:32:37.6040668Z,Copying file: 'bower_components\jquery\.gitattributes',,0
	2015-09-27T23:32:37.6197029Z,Copying file: 'bower_components\jquery\.gitignore',,0
	2015-09-27T23:32:37.6353168Z,Copying file: 'bower_components\jquery\.gitmodules',,0
	2015-09-27T23:32:37.6509414Z,Copying file: 'bower_components\jquery\.jshintrc',,0
	2015-09-27T23:32:37.6665662Z,Copying file: 'bower_components\jquery\.mailmap',,0
	2015-09-27T23:32:37.6821909Z,Copying file: 'bower_components\jquery\AUTHORS.txt',,0
	2015-09-27T23:32:37.7290690Z,Copying file: 'bower_components\jquery\bower.json',,0
	2015-09-27T23:32:37.7290690Z,Copying file: 'bower_components\jquery\component.json',,0
	2015-09-27T23:32:37.7446895Z,Copying file: 'bower_components\jquery\composer.json',,0
	2015-09-27T23:32:37.7446895Z,Copying file: 'bower_components\jquery\CONTRIBUTING.md',,0
	2015-09-27T23:32:37.7603142Z,Copying file: 'bower_components\jquery\Gruntfile.js',,0
	2015-09-27T23:32:37.7603142Z,Copying file: 'bower_components\jquery\jquery-migrate.js',,0
	2015-09-27T23:32:37.7759388Z,Copying file: 'bower_components\jquery\jquery-migrate.min.js',,0
	2015-09-27T23:32:37.7759388Z,Copying file: 'bower_components\jquery\jquery.js',,0
	2015-09-27T23:32:37.7915658Z,Copying file: 'bower_components\jquery\jquery.min.js',,0
	2015-09-27T23:32:37.8071887Z,Copying file: 'bower_components\jquery\jquery.min.map',,0
	2015-09-27T23:32:37.8228345Z,Copying file: 'bower_components\jquery\MIT-LICENSE.txt',,0
	2015-09-27T23:32:37.8228345Z,Copying file: 'bower_components\jquery\package.json',,0
	2015-09-27T23:32:37.8384402Z,Copying file: 'bower_components\jquery\README.md',,0
	2015-09-27T23:32:37.8540625Z,Omitting next output lines...,,0
	2015-09-27T23:32:57.7356389Z,Processed 1292 files...,,0
	2015-09-27T23:33:00.7827330Z,Looking for app.js/server.js under site root.,,0
	2015-09-27T23:33:00.7827330Z,Missing server.js/app.js files&comma; web.config is not generated,,1
	2015-09-27T23:33:00.8764760Z,Node.js versions available on the platform are: 0.6.17&comma; 0.6.20&comma; 0.8.2&comma; 0.8.19&comma; 0.8.26&comma; 0.8.27&comma; 0.8.28&comma; 0.10.5&comma; 0.10.18&comma; 0.10.21&comma; 0.10.24&comma; 0.10.26&comma; 0.10.28&comma; 0.10.29&comma; 0.10.31&comma; 0.10.32&comma; 0.12.0&comma; 0.12.2&comma; 0.12.3&comma; 0.12.6&comma; 4.0.0&comma; 4.1.0.,,0
	2015-09-27T23:33:00.8764760Z,Selected node.js version 0.12.6. Use package.json file to choose a different version.,,0
	2015-09-27T23:33:00.8920983Z,Updating iisnode.yml at D:\home\site\wwwroot\iisnode.yml,,0
	2015-09-27T23:33:04.8249223Z,npm WARN package.json investmentclub@1.0.0 No description,,1
	2015-09-27T23:33:04.8405448Z,npm WARN package.json investmentclub@1.0.0 No repository field.,,1
	2015-09-27T23:33:04.8561760Z,npm WARN package.json investmentclub@1.0.0 No README data,,1
	2015-09-27T23:33:04.8718335Z,npm WARN package.json investmentclub@1.0.0 No license field.,,1
	2015-09-27T23:33:07.9153972Z,Finished successfully.,,0
2015-09-27T23:33:07.9622739Z,Deployment successful.,86ffc748-87fc-4416-b747-c1afdce97e99,0
